[     568ms] [INFO] %cDownload the React DevTools for a better development experience: https://react.dev/link/react-devtools font-weight:bold @ http://localhost:3333/_next/static/chunks/05g1_next_dist_0ate1xo._.js:2477
[     667ms] [LOG] [HMR] connected @ http://localhost:3333/_next/static/chunks/05g1_next_dist_0ate1xo._.js:2477
[  127535ms] [LOG] [Fast Refresh] rebuilding @ http://localhost:3333/_next/static/chunks/05g1_next_dist_0ate1xo._.js:2477
[  127755ms] [LOG] [Fast Refresh] done in 297ms @ http://localhost:3333/_next/static/chunks/05g1_next_dist_0ate1xo._.js:2477
[  170395ms] [LOG] [Fast Refresh] rebuilding @ http://localhost:3333/_next/static/chunks/05g1_next_dist_0ate1xo._.js:2477
[  170549ms] [LOG] [Fast Refresh] done in 238ms @ http://localhost:3333/_next/static/chunks/05g1_next_dist_0ate1xo._.js:2477
[  313544ms] [LOG] [Fast Refresh] rebuilding @ http://localhost:3333/_next/static/chunks/05g1_next_dist_0ate1xo._.js:2477
[  314029ms] [LOG] [Fast Refresh] done in 323ms @ http://localhost:3333/_next/static/chunks/05g1_next_dist_0ate1xo._.js:2477
[  388646ms] [LOG] [Fast Refresh] rebuilding @ http://localhost:3333/_next/static/chunks/05g1_next_dist_0ate1xo._.js:2477
[  499450ms] [ERROR] Failed to load resource: the server responded with a status of 500 (Internal Server Error) @ http://localhost:3333/?_rsc=KHakwp5d33cmNtHB:0
[  520919ms] [ERROR] Failed to load resource: the server responded with a status of 500 (Internal Server Error) @ http://localhost:3333/:0
[  523283ms] [INFO] %cDownload the React DevTools for a better development experience: https://react.dev/link/react-devtools font-weight:bold @ http://localhost:3333/_next/static/chunks/05g1_next_dist_0ate1xo._.js:2477
[  523881ms] [LOG] [HMR] connected @ http://localhost:3333/_next/static/chunks/05g1_next_dist_0ate1xo._.js:2477
[  524233ms] [ERROR] Encountered a script tag while rendering React component. Scripts inside React components are never executed when rendering on the client. Consider using template tag instead (https://developer.mozilla.org/en-US/docs/Web/HTML/Element/template). @ http://localhost:3333/_next/static/chunks/05g1_next_dist_0ate1xo._.js:3318
[  526963ms] TypeError: fetch failed
    at Function.all (<anonymous>:1:21)
    at HomePage (about://React/Server/file:///home/albqvxc/www/better-t-stack-br/apps/web/.next/dev/server/chunks/ssr/%5Broot-of-the-server%5D__0dun9z5._.js?0:1762:44)
    at resolveErrorDev (http://localhost:3333/_next/static/chunks/05g1_next_dist_compiled_react-server-dom-turbopack_0~ik2__._.js:1919:105)
    at processFullStringRow (http://localhost:3333/_next/static/chunks/05g1_next_dist_compiled_react-server-dom-turbopack_0~ik2__._.js:2434:29)
    at processFullBinaryRow (http://localhost:3333/_next/static/chunks/05g1_next_dist_compiled_react-server-dom-turbopack_0~ik2__._.js:2393:9)
    at processBinaryChunk (http://localhost:3333/_next/static/chunks/05g1_next_dist_compiled_react-server-dom-turbopack_0~ik2__._.js:2502:221)
    at progress (http://localhost:3333/_next/static/chunks/05g1_next_dist_compiled_react-server-dom-turbopack_0~ik2__._.js:2689:13)
[  561807ms] [ERROR] Failed to load resource: the server responded with a status of 404 (Not Found) @ http://localhost:3333/favicon.ico:0
[  949179ms] [LOG] [Fast Refresh] rebuilding @ http://localhost:3333/_next/static/chunks/05g1_next_dist_0ate1xo._.js:2477
[  949866ms] [WARNING] [Fast Refresh] performing full reload because your application had an unrecoverable error @ http://localhost:3333/_next/static/chunks/05g1_next_dist_0ate1xo._.js:2477
[  952694ms] [INFO] %cDownload the React DevTools for a better development experience: https://react.dev/link/react-devtools font-weight:bold @ http://localhost:3333/_next/static/chunks/05g1_next_dist_0ate1xo._.js:2477
[  952821ms] [LOG] [HMR] connected @ http://localhost:3333/_next/static/chunks/05g1_next_dist_0ate1xo._.js:2477
